[debug] [2026-07-10T17:59:46.480Z] ----------------------------------------------------------------------
[debug] [2026-07-10T17:59:46.482Z] Command:       /Users/sarahdelfino/.nvm/versions/node/v24.14.1/bin/node /Users/sarahdelfino/.nvm/versions/node/v24.14.1/bin/firebase deploy --only hosting --debug
[debug] [2026-07-10T17:59:46.482Z] CLI Version:   15.22.4
[debug] [2026-07-10T17:59:46.482Z] Platform:      darwin
[debug] [2026-07-10T17:59:46.482Z] Node Version:  v24.14.1
[debug] [2026-07-10T17:59:46.482Z] Detected Agent: unknown
[debug] [2026-07-10T17:59:46.482Z] Time:          Fri Jul 10 2026 13:59:46 GMT-0400 (Eastern Daylight Time)
[debug] [2026-07-10T17:59:46.482Z] ----------------------------------------------------------------------
[debug] 
[debug] [2026-07-10T17:59:47.165Z] > command requires scopes: ["email","openid","https://www.googleapis.com/auth/cloudplatformprojects.readonly","https://www.googleapis.com/auth/firebase","https://www.googleapis.com/auth/cloud-platform"]
[debug] [2026-07-10T17:59:47.165Z] > authorizing via signed-in user (sarah@madebycypress.com)
[debug] [2026-07-10T17:59:47.165Z] [iam] checking project heritage-steel for permissions ["firebase.projects.get","firebasehosting.sites.update"]
[debug] [2026-07-10T17:59:47.166Z] Checked if tokens are valid: true, expires at: 1783708722065
[debug] [2026-07-10T17:59:47.166Z] Checked if tokens are valid: true, expires at: 1783708722065
[debug] [2026-07-10T17:59:47.166Z] >>> [apiv2][query] POST https://cloudresourcemanager.googleapis.com/v1/projects/heritage-steel:testIamPermissions [none]
[debug] [2026-07-10T17:59:47.166Z] >>> [apiv2][(partial)header] POST https://cloudresourcemanager.googleapis.com/v1/projects/heritage-steel:testIamPermissions  x-goog-user-project=heritage-steel
[debug] [2026-07-10T17:59:47.166Z] >>> [apiv2][body] POST https://cloudresourcemanager.googleapis.com/v1/projects/heritage-steel:testIamPermissions {"permissions":["firebase.projects.get","firebasehosting.sites.update"]}
[debug] [2026-07-10T17:59:47.363Z] <<< [apiv2][status] POST https://cloudresourcemanager.googleapis.com/v1/projects/heritage-steel:testIamPermissions 200
[debug] [2026-07-10T17:59:47.364Z] <<< [apiv2][body] POST https://cloudresourcemanager.googleapis.com/v1/projects/heritage-steel:testIamPermissions {"permissions":["firebase.projects.get","firebasehosting.sites.update"]}
[debug] [2026-07-10T17:59:47.364Z] Checked if tokens are valid: true, expires at: 1783708722065
[debug] [2026-07-10T17:59:47.364Z] Checked if tokens are valid: true, expires at: 1783708722065
[debug] [2026-07-10T17:59:47.365Z] >>> [apiv2][query] GET https://firebase.googleapis.com/v1beta1/projects/heritage-steel [none]
[debug] [2026-07-10T17:59:47.588Z] <<< [apiv2][status] GET https://firebase.googleapis.com/v1beta1/projects/heritage-steel 200
[debug] [2026-07-10T17:59:47.589Z] <<< [apiv2][body] GET https://firebase.googleapis.com/v1beta1/projects/heritage-steel {"projectId":"heritage-steel","projectNumber":"677213924786","displayName":"heritage-steel","name":"projects/heritage-steel","resources":{"hostingSite":"heritage-steel"},"state":"ACTIVE","labels":{"firebase":"enabled"},"etag":"1_9b984526-0013-48e7-a0ef-36d6f5f53ad9"}
[info] 
[info] === Deploying to 'heritage-steel'...
[info] 
[info] i  deploying hosting 
[debug] [2026-07-10T17:59:47.591Z] Checked if tokens are valid: true, expires at: 1783708722065
[debug] [2026-07-10T17:59:47.591Z] Checked if tokens are valid: true, expires at: 1783708722065
[debug] [2026-07-10T17:59:47.591Z] >>> [apiv2][query] GET https://firebasehosting.googleapis.com/v1beta1/projects/heritage-steel/sites/heritage-steel [none]
[debug] [2026-07-10T17:59:48.217Z] <<< [apiv2][status] GET https://firebasehosting.googleapis.com/v1beta1/projects/heritage-steel/sites/heritage-steel 200
[debug] [2026-07-10T17:59:48.217Z] <<< [apiv2][body] GET https://firebasehosting.googleapis.com/v1beta1/projects/heritage-steel/sites/heritage-steel {"name":"projects/heritage-steel/sites/heritage-steel","defaultUrl":"https://heritage-steel.web.app","type":"DEFAULT_SITE"}
[debug] [2026-07-10T17:59:48.218Z] Checked if tokens are valid: true, expires at: 1783708722065
[debug] [2026-07-10T17:59:48.218Z] Checked if tokens are valid: true, expires at: 1783708722065
[debug] [2026-07-10T17:59:48.218Z] >>> [apiv2][query] POST https://firebasehosting.googleapis.com/v1beta1/projects/-/sites/heritage-steel/versions [none]
[debug] [2026-07-10T17:59:48.218Z] >>> [apiv2][body] POST https://firebasehosting.googleapis.com/v1beta1/projects/-/sites/heritage-steel/versions {"status":"CREATED","labels":{"deployment-tool":"cli-firebase"}}
[debug] [2026-07-10T17:59:49.217Z] <<< [apiv2][status] POST https://firebasehosting.googleapis.com/v1beta1/projects/-/sites/heritage-steel/versions 200
[debug] [2026-07-10T17:59:49.217Z] <<< [apiv2][body] POST https://firebasehosting.googleapis.com/v1beta1/projects/-/sites/heritage-steel/versions {"name":"projects/677213924786/sites/heritage-steel/versions/2944865d1d95094b","status":"CREATED","config":{},"labels":{"deployment-tool":"cli-firebase"}}
[info] i  hosting[heritage-steel]: beginning deploy... 
[info] i  hosting[heritage-steel]: found 65 files in dist/heritage/browser 
[debug] [2026-07-10T17:59:49.233Z] [hosting] uploading with 200 concurrency
[debug] [2026-07-10T17:59:49.236Z] Checked if tokens are valid: true, expires at: 1783708722065
[debug] [2026-07-10T17:59:49.236Z] Checked if tokens are valid: true, expires at: 1783708722065
[debug] [2026-07-10T17:59:49.238Z] [hosting] hash cache [ZGlzdC9oZXJpdGFnZS9icm93c2Vy] stored for 65 files
[debug] [2026-07-10T17:59:49.238Z] [hosting][hash queue][FINAL] {"max":1,"min":0,"avg":0.19930760455852545,"active":0,"complete":65,"success":65,"errored":0,"retried":0,"total":65,"elapsed":4}
[debug] [2026-07-10T17:59:49.238Z] >>> [apiv2][query] POST https://firebasehosting.googleapis.com/v1beta1/projects/677213924786/sites/heritage-steel/versions/2944865d1d95094b:populateFiles [none]
[debug] [2026-07-10T17:59:49.238Z] >>> [apiv2][body] POST https://firebasehosting.googleapis.com/v1beta1/projects/677213924786/sites/heritage-steel/versions/2944865d1d95094b:populateFiles {"files":{"/usa.svg":"0e41b75292cbe051d63db04c6a77d3f1fdb0655a8ce36d85fef7f94d1fa20966","/sven-mieke-blueprint.jpg":"0ce8274f2380b2fa5bea43cf5579b0b51cf6633950d0d9249c3eb84434be76ea","/styles-Y5BTFKR6.css":"16b9c44954410da0b947ba20ad160e47c1e053c3ba5985ce66db3bd96121dfd3","/strange-happenings-frame.jpg":"78ba2838ac6a933f94f17b505050b84b065fe86681a6e023ff839f25e268f4e7","/steven-van-elk-residential.jpg":"67f20ac87f36000d84f849f9134c766124626b376e9b058e16cf2c49090a7992","/steel.svg":"3b4eabde9967f586eb850ba0d27dce0a08abde1820e0f71a84752a9e5e289390","/sitemap.xml":"b5eca38f862b5d52e542e89d2454cc0c343ed65d2608162df6a2e867aa281fa0","/shield.svg":"f80fbab804bb55e388802a39d8aa0abd95cf2a6f644215eda5bfacff908ad31f","/rv-storage.png":"f1a58b72bfc86762ca7a11ad48d059ed9746df2d9170dd04ed8ca6367979c8ec","/roof.jpg":"a9193c4bd5dbbc205682f64c2036e2f8ec872753d04bfde4bc9a061b7478cf58","/ronnakorn-triraganon-consult.jpg":"fd4e46e6f2fb16623fa03af8dee3ebc1b9d10dee3559c11b20e7cc11d3ee079d","/roger-starnes-agricultural-building.jpg":"f091f870cf1a193e0e434a166c9fd3e1da59eb8a6a86129303a3918d882326bb","/robots.txt":"d111b2eb506377a829635623b689afb8c261da7dd5d8a27bf57e08bd0974daf8","/polyfills-5CFQRCPP.js":"02fae82bf075da43b23af9fc7cf0bf387843c13dfdc835f78df7bd29c1d072ba","/nate-johnston-consult.jpg":"0bf0e2fd773371e8d7c7bfcbdcb39d50d19a532e54eb4fdef1d5d35a21d4abe6","/medal.svg":"0529999390601e0e3ff0a3d95ad9f9b3fec4dad193986fbd725a62f3eab3a363","/main-WHKKHDSJ.js":"7ca6bf814dc6b799660096d7e4a9e594bb9fcd71e1de691d6913d1bcb98956af","/index.html":"f84a4397e508aefd2d7b9b261fb2f9dbdbd59975b9430cef47a83f8ff97b08ab","/heritage-steel-infographic-brochure.png":"db204fe1e551a8b27f68f9ab7b87a1a880dab3819cf7bbd6a20840430de5af5c","/heritage-steel-infographic-brochure.pdf":"5a914198bf84294f26433e70159d3b5361256bec0fa93b6d50cb8971bdbd3318","/heritage-steel-color-chart.png":"6a32d3458026b02c13b0ba722c168dda44116eddbdee665c7097db4836f61774","/heritage-steel-color-chart.pdf":"9c205840b3e5b6929277afc79e25421844ff2039d37df2233c37ab8c6f51d4db","/header.mp4":"6d17057f47497dee718eb8ee3b1ca8aa634e85188f098ad04d649d2e1ae9226a","/hangar.png":"141f4a540c7f3df97d977703de8513ab6709bd601c71015458a66302a162b66c","/framing.png":"4c7d53ed6338955bc53e71270a3b11f67b3b81e6729c4004a16653bdf2bc490f","/floorplans.pdf":"f2d5e4c848c73dfc595ec66a5af079df88bf3eac2bd10dced4ec7344ca66e05b","/floorplan4.jpg":"15f80f949a66c47a3b0c601f66cb724d3982836b55d109a638e44e0b69d6d792","/floorplan3.jpg":"7973e27c6bfd74343db7eb54805f63c35a81ffe7d09169ae0ac06df83b2cc054","/floorplan2.jpg":"539fa68469035472a897a4cb70b356729098413745be51d728db36c66ca4ad12","/floorplan1.jpg":"52b4ec0c202bf161dad2f7e638cb73b7644501cee12e2d867d1d601604acf1e0","/finance.svg":"1cc759841d2adfd6e5f3c4cff0f373054c78b4206c5b823e9825e8e2f11975ce","/favicon.png":"9d8dc9bbbd6be949150e411993cc3a297436ed7189e8ab5aa7e80814cbd7c4ff","/ex4.jpg":"8c083e0b5e197594cb1516f4ac7a0e77e5982025a2e546cb9dd119227fb9d4d4","/ex3.png":"e2a4c3c7d9828122ac87d919d6c6215d363c9157b7b954eda61d8fc7bccbaacd","/ex2.jpg":"c361304c0008bca88f82c4b53ba4a916f329cb327da27e06d169f079d5d6fb8f","/ex1.svg":"08e6ca4ee70bbc7fde9b672e8d38380c38aa99452d4a35827b5e133692e7f5c2","/ex1.png":"d22fa52e94055cf5d8c1b61cc56d74b05352c44475b77adfc0bc566517c77965","/commercial.jpg":"69e45d746e4628f5d662d4220ae889a039ca168cfbc83b899407b4743b0275ab","/color-chart.png":"6c6351d9abd3d26798ccde27a00a91c5149c2a591ae6910a4cecfe8b8135c773","/chunk-ZZQLOUOO.js":"eecb1750e395eb446221b0f5759f9a663bb0619e73bf4498f514a6923ff6c46c","/chunk-SS7DDSIE.js":"d5ce94390e6b8396df7076bcf284c0c253a74b0890d97a66f21f9cbaea667990","/chunk-RD67JYLF.js":"5d3f287e782bf378f81fbb9c9e14336febfd0a2a86ddc7de1abcd43a693ec66a","/chunk-P7EJTZFO.js":"59135ee1e7fa83fe6119899a37777133264073e8029c018c0eecb978f77faa18","/chunk-LBKPPW55.js":"0697fb88798c4022f4958c8e1062f0cc62d734ec9cfb5e3efa3fe2c44b758db5","/chunk-I2C6FP5T.js":"d8b1f6a6bb9e24dd1eda7e7f6fc3f3399b1ad2facd36e75aad764ad2bf32f222","/chunk-HGB5VRM7.js":"7f3f8f749408cb67fe305cf52474d775f71b54a49206172cef876b353119020c","/chunk-EPN5GEBA.js":"3ab48d6ae3d6403bb1f9d85d787160fc6d1eb802a4fe9a4cf68d08c51f624042","/chunk-CESE6CJR.js":"31ff03c0bfd6deb8a4d87114f637d541beed518570173313bcffdbf5c06dac58","/chunk-B7GGAE5I.js":"953e35b0ebc7110310816c008a370b86a4434c3bfa7e9e7a422fd2ae30fb3653","/chunk-ATXGP3GU.js":"30826b5eba376f1d5ec0c590d06053367ff959a4887b1b3b5d8d0180a2c38e3b","/chunk-A3TSQRLN.js":"49a5e0fd5403257e4a1cd21ce7ea2a1e4d927c0e6123822469deb0b0e2a4eba7","/chunk-5JCMI6Z7.js":"2f65a067d618928a1eb2ee98fc148b5e7613c9ec82bb6088da2cf737592f1d2c","/chunk-35EWH4BQ.js":"80eb4d9e0c2489bd0bc899faafbde21b58a6ae668a94b9083213c2c9189f6954","/chunk-2RXWRV2N.js":"1aa7377f10d8f13cc25eb6881d533251bbc6969707165eb4388dc85826f782e1","/blueprint.png":"51e754334cf8a88577e99a9d71bdcfe098171475be49011d7120ca35ac8927a7","/ben-koorengevel-construction.jpg":"f817359f072c62f1eb0d011692d6f7473a197db72f7858612a1685c7dc32bc70","/arch4.png":"09dac657beb9a6014e18c163b6b1f8daa940fa1ff457a56d827e5d7e9c026616","/arch3.png":"b0de929a8abbf4fdcc9a0e6f87da6660a968195d6dbf50db12779d3844d1d674","/arch2.png":"849c4393a639eb9f16535b360e106a6e87c7f68466a8c40486bde1687ce86c85","/arch1.png":"5fdbf04024a03793976b1f1ab5b50cb8300bd9cb5a5ae77e2f53211575c71407","/Heritage-Color-Chart.pdf":"81d796e354d257ebb4455faf07ce2a4679ac25b61f38fcbeb7d3da23a5f80415","/HSB.png":"3b82c5bdb2b2eb04be61f6a897f1b02d0517baf1b23ccca54ec7a8d5785a2aab","/HSB-nobg.png":"597d724e6cbd7af2f5bb694ff2a4fe458cc3133db4b007e9a9da924336a81bdb","/America250.png":"a07d67a3c6211356038ba5f754c170ae84ea61375e4e58bc5e9e278e65518082","/3d.png":"548b8b97782d0bbb92a40863eb97852a0a0ca0872a4947bf7f9372450d4c585b"}}
[debug] [2026-07-10T17:59:49.872Z] <<< [apiv2][status] POST https://firebasehosting.googleapis.com/v1beta1/projects/677213924786/sites/heritage-steel/versions/2944865d1d95094b:populateFiles 200
[debug] [2026-07-10T17:59:49.872Z] <<< [apiv2][body] POST https://firebasehosting.googleapis.com/v1beta1/projects/677213924786/sites/heritage-steel/versions/2944865d1d95094b:populateFiles {"uploadUrl":"https://upload-firebasehosting.googleapis.com/upload/sites/heritage-steel/versions/2944865d1d95094b/files"}
[debug] [2026-07-10T17:59:49.872Z] [hosting][populate queue][FINAL] {"max":636,"min":636,"avg":636,"active":0,"complete":1,"success":1,"errored":0,"retried":0,"total":1,"elapsed":636}
[debug] [2026-07-10T17:59:49.873Z] [hosting] uploads queued: 0
[debug] [2026-07-10T17:59:49.873Z] [hosting][upload queue][FINAL] {"max":0,"min":9999999999,"avg":0,"active":0,"complete":0,"success":0,"errored":0,"retried":0,"total":0,"elapsed":1783706389873}
[info] i  hosting: upload complete 
[info] ✔  hosting[heritage-steel]: file upload complete 
[debug] [2026-07-10T17:59:49.875Z] [hosting] deploy completed after 655ms
[debug] [2026-07-10T17:59:49.879Z] [
  {
    "config": {
      "public": "dist/heritage/browser",
      "ignore": [
        "firebase.json",
        "**/.*",
        "**/node_modules/**"
      ],
      "rewrites": [
        {
          "source": "**",
          "destination": "/index.html"
        }
      ],
      "site": "heritage-steel"
    },
    "version": "projects/677213924786/sites/heritage-steel/versions/2944865d1d95094b"
  }
]
[info] i  hosting[heritage-steel]: finalizing version... 
[debug] [2026-07-10T17:59:49.881Z] Checked if tokens are valid: true, expires at: 1783708722065
[debug] [2026-07-10T17:59:49.881Z] Checked if tokens are valid: true, expires at: 1783708722065
[debug] [2026-07-10T17:59:49.881Z] >>> [apiv2][query] PATCH https://firebasehosting.googleapis.com/v1beta1/projects/-/sites/heritage-steel/versions/2944865d1d95094b updateMask=status%2Cconfig
[debug] [2026-07-10T17:59:49.881Z] >>> [apiv2][body] PATCH https://firebasehosting.googleapis.com/v1beta1/projects/-/sites/heritage-steel/versions/2944865d1d95094b {"status":"FINALIZED","config":{"rewrites":[{"glob":"**","path":"/index.html"}]}}
[debug] [2026-07-10T17:59:50.654Z] <<< [apiv2][status] PATCH https://firebasehosting.googleapis.com/v1beta1/projects/-/sites/heritage-steel/versions/2944865d1d95094b 200
[debug] [2026-07-10T17:59:50.654Z] <<< [apiv2][body] PATCH https://firebasehosting.googleapis.com/v1beta1/projects/-/sites/heritage-steel/versions/2944865d1d95094b {"name":"projects/677213924786/sites/heritage-steel/versions/2944865d1d95094b","status":"FINALIZED","config":{"rewrites":[{"glob":"**","path":"/index.html"}]},"labels":{"deployment-tool":"cli-firebase"},"createTime":"2026-07-10T17:59:48.517371Z","createUser":{"email":"sarah@madebycypress.com"},"finalizeTime":"2026-07-10T17:59:50.482316Z","finalizeUser":{"email":"sarah@madebycypress.com"}}
[debug] [2026-07-10T17:59:50.654Z] [hosting] finalized version for heritage-steel:[object Object]
[info] ✔  hosting[heritage-steel]: version finalized 
[info] i  hosting[heritage-steel]: releasing new version... 
[debug] [2026-07-10T17:59:50.655Z] Checked if tokens are valid: true, expires at: 1783708722065
[debug] [2026-07-10T17:59:50.655Z] Checked if tokens are valid: true, expires at: 1783708722065
[debug] [2026-07-10T17:59:50.655Z] >>> [apiv2][query] POST https://firebasehosting.googleapis.com/v1beta1/projects/-/sites/heritage-steel/channels/live/releases versionName=projects%2F677213924786%2Fsites%2Fheritage-steel%2Fversions%2F2944865d1d95094b
[debug] [2026-07-10T17:59:50.655Z] >>> [apiv2][body] POST https://firebasehosting.googleapis.com/v1beta1/projects/-/sites/heritage-steel/channels/live/releases {}
[debug] [2026-07-10T17:59:51.569Z] <<< [apiv2][status] POST https://firebasehosting.googleapis.com/v1beta1/projects/-/sites/heritage-steel/channels/live/releases 200
